TN:
SF:index.ts
FN:3,noop
FN:30,<instance_members_initializer>
FN:38,RedisStore
FN:50,normalizeClient
FN:53,get
FN:54,set
FN:62,del
FN:63,expire
FN:64,mget
FN:65,scanIterator
FN:81,get
FN:92,set
FN:109,touch
FN:120,destroy
FN:130,clear
FN:141,length
FN:150,ids
FN:163,all
FN:183,_getTTL
FN:198,_getAllKeys
FNF:20
FNH:20
FNDA:2000,noop
FNDA:3,<instance_members_initializer>
FNDA:3,RedisStore
FNDA:3,normalizeClient
FNDA:2,get
FNDA:2006,set
FNDA:8,del
FNDA:2,expire
FNDA:2,mget
FNDA:24,scanIterator
FNDA:2,get
FNDA:2008,set
FNDA:2,touch
FNDA:4,destroy
FNDA:6,clear
FNDA:14,length
FNDA:2,ids
FNDA:2,all
FNDA:2010,_getTTL
FNDA:24,_getAllKeys
DA:1,1
DA:3,1
DA:29,1
DA:30,1
DA:31,3
DA:32,3
DA:33,3
DA:34,3
DA:35,3
DA:36,3
DA:38,1
DA:39,3
DA:40,3
DA:41,3
DA:42,3
DA:43,3
DA:44,3
DA:45,3
DA:46,3
DA:47,3
DA:50,1
DA:51,3
DA:52,3
DA:53,3
DA:54,3
DA:55,2006
DA:56,2006
DA:57,1003
DA:58,1003
DA:59,2006
DA:60,0
DA:61,2006
DA:62,3
DA:63,3
DA:64,3
DA:65,3
DA:66,24
DA:69,12
DA:70,12
DA:71,12
DA:72,12
DA:73,24
DA:74,24
DA:75,24
DA:76,12
DA:77,24
DA:78,3
DA:79,3
DA:81,1
DA:82,2
DA:83,2
DA:84,2
DA:85,2
DA:86,2
DA:87,2
DA:88,0
DA:89,0
DA:90,2
DA:92,1
DA:93,2008
DA:94,2008
DA:95,2008
DA:96,2008
DA:97,2006
DA:98,2006
DA:99,2006
DA:100,2006
DA:101,2008
DA:102,2
DA:103,2
DA:104,2008
DA:105,0
DA:106,0
DA:107,2008
DA:109,1
DA:110,2
DA:111,2
DA:112,2
DA:113,2
DA:114,2
DA:115,2
DA:116,0
DA:117,0
DA:118,2
DA:120,1
DA:121,4
DA:122,4
DA:123,4
DA:124,4
DA:125,4
DA:126,0
DA:127,0
DA:128,4
DA:130,1
DA:131,6
DA:132,6
DA:133,6
DA:134,4
DA:135,4
DA:136,6
DA:137,0
DA:138,0
DA:139,6
DA:141,1
DA:142,14
DA:143,14
DA:144,14
DA:145,14
DA:146,0
DA:147,0
DA:148,14
DA:150,1
DA:151,2
DA:152,2
DA:153,2
DA:154,2
DA:155,2
DA:156,2
DA:157,2
DA:158,2
DA:159,0
DA:160,0
DA:161,2
DA:163,1
DA:164,2
DA:165,2
DA:166,2
DA:167,2
DA:169,2
DA:170,2
DA:171,4
DA:172,4
DA:173,4
DA:174,4
DA:175,4
DA:176,2
DA:177,2
DA:178,2
DA:179,0
DA:180,0
DA:181,2
DA:183,1
DA:184,2010
DA:185,0
DA:186,0
DA:188,2010
DA:189,2010
DA:190,2008
DA:191,2008
DA:192,2010
DA:193,2
DA:194,2
DA:195,2010
DA:196,2010
DA:198,1
DA:199,24
DA:200,24
DA:201,24
DA:202,4018
DA:203,4018
DA:204,24
DA:205,24
DA:206,1
LF:163
LH:144
BRDA:3,0,0,2000
BRDA:30,1,0,3
BRDA:38,2,0,3
BRDA:40,3,0,0
BRDA:50,4,0,3
BRDA:53,5,0,2
BRDA:54,6,0,2006
BRDA:56,7,0,1003
BRDA:57,8,0,1003
BRDA:59,9,0,0
BRDA:62,10,0,8
BRDA:63,11,0,2
BRDA:64,12,0,2
BRDA:64,13,0,1
BRDA:64,14,0,1
BRDA:65,15,0,24
BRDA:66,16,0,12
BRDA:69,17,0,12
BRDA:71,18,0,209
BRDA:72,19,0,24
BRDA:74,20,0,1800
BRDA:81,21,0,2
BRDA:85,22,0,0
BRDA:87,23,0,0
BRDA:92,24,0,2008
BRDA:96,25,0,2006
BRDA:98,26,0,0
BRDA:101,27,0,2
BRDA:104,28,0,0
BRDA:109,29,0,2
BRDA:111,30,0,0
BRDA:115,31,0,0
BRDA:120,32,0,4
BRDA:125,33,0,0
BRDA:130,34,0,6
BRDA:133,35,0,2
BRDA:133,36,0,4
BRDA:136,37,0,0
BRDA:141,38,0,14
BRDA:145,39,0,0
BRDA:150,40,0,2
BRDA:158,41,0,0
BRDA:156,42,0,4
BRDA:163,43,0,2
BRDA:167,44,0,0
BRDA:178,45,0,0
BRDA:170,46,0,4
BRDA:171,47,0,0
BRDA:183,48,0,2010
BRDA:184,49,0,0
BRDA:189,50,0,2008
BRDA:189,51,0,2008
BRDA:192,52,0,2
BRDA:198,53,0,24
BRDA:201,54,0,4018
BRF:55
BRH:39
end_of_record
TN:
SF:testdata/server.ts
FN:6,connect
FN:20,disconnect
FNF:2
FNH:2
FNDA:1,connect
FNDA:1,disconnect
DA:1,1
DA:2,1
DA:4,1
DA:6,1
DA:7,1
DA:8,1
DA:9,1
DA:10,1
DA:12,1
DA:13,0
DA:14,1
DA:16,1
DA:17,1
DA:18,1
DA:20,1
DA:21,1
DA:22,1
DA:23,1
LF:18
LH:17
BRDA:6,0,0,1
BRDA:7,1,0,1
BRDA:20,2,0,1
BRF:3
BRH:3
end_of_record
